<?xml version="1.0" encoding="UTF-8"?>
<testsuite xmlns:xsi="http://www.w3.org/2001/XMLSchema-instance" xsi:noNamespaceSchemaLocation="https://maven.apache.org/surefire/maven-surefire-plugin/xsd/surefire-test-report-3.0.xsd" version="3.0" name="model.AchievementListTest" time="0.037" tests="8" errors="8" skipped="0" failures="0">
  <properties>
    <property name="java.specification.version" value="22"/>
    <property name="sun.jnu.encoding" value="UTF-8"/>
    <property name="java.class.path" value="/Users/brycemartin/Documents/CSCE247-GroupProject/speek/target/test-classes:/Users/brycemartin/Documents/CSCE247-GroupProject/speek/target/classes:/Users/brycemartin/.m2/repository/org/junit/jupiter/junit-jupiter/5.8.2/junit-jupiter-5.8.2.jar:/Users/brycemartin/.m2/repository/org/junit/jupiter/junit-jupiter-api/5.11.3/junit-jupiter-api-5.11.3.jar:/Users/brycemartin/.m2/repository/org/opentest4j/opentest4j/1.3.0/opentest4j-1.3.0.jar:/Users/brycemartin/.m2/repository/org/junit/platform/junit-platform-commons/1.11.3/junit-platform-commons-1.11.3.jar:/Users/brycemartin/.m2/repository/org/apiguardian/apiguardian-api/1.1.2/apiguardian-api-1.1.2.jar:/Users/brycemartin/.m2/repository/org/junit/jupiter/junit-jupiter-params/5.11.3/junit-jupiter-params-5.11.3.jar:/Users/brycemartin/.m2/repository/org/junit/jupiter/junit-jupiter-engine/5.11.3/junit-jupiter-engine-5.11.3.jar:/Users/brycemartin/.m2/repository/org/junit/platform/junit-platform-engine/1.11.3/junit-platform-engine-1.11.3.jar:/Users/brycemartin/.m2/repository/com/squareup/okhttp3/okhttp/4.9.2/okhttp-4.9.2.jar:/Users/brycemartin/.m2/repository/com/squareup/okio/okio/2.8.0/okio-2.8.0.jar:/Users/brycemartin/.m2/repository/org/jetbrains/kotlin/kotlin-stdlib-common/1.4.0/kotlin-stdlib-common-1.4.0.jar:/Users/brycemartin/.m2/repository/org/jetbrains/kotlin/kotlin-stdlib/1.4.10/kotlin-stdlib-1.4.10.jar:/Users/brycemartin/.m2/repository/org/jetbrains/annotations/13.0/annotations-13.0.jar:/Users/brycemartin/.m2/repository/javazoom/jlayer/1.0.1/jlayer-1.0.1.jar:/Users/brycemartin/.m2/repository/com/googlecode/json-simple/json-simple/1.1.1/json-simple-1.1.1.jar:/Users/brycemartin/.m2/repository/junit/junit/4.10/junit-4.10.jar:/Users/brycemartin/.m2/repository/org/hamcrest/hamcrest-core/1.1/hamcrest-core-1.1.jar:/Users/brycemartin/.m2/repository/com/google/code/gson/gson/2.10.1/gson-2.10.1.jar:/Users/brycemartin/.m2/repository/software/amazon/awssdk/polly/2.27.3/polly-2.27.3.jar:/Users/brycemartin/.m2/repository/software/amazon/awssdk/aws-json-protocol/2.27.3/aws-json-protocol-2.27.3.jar:/Users/brycemartin/.m2/repository/software/amazon/awssdk/third-party-jackson-core/2.27.3/third-party-jackson-core-2.27.3.jar:/Users/brycemartin/.m2/repository/software/amazon/awssdk/protocol-core/2.27.3/protocol-core-2.27.3.jar:/Users/brycemartin/.m2/repository/software/amazon/awssdk/profiles/2.27.3/profiles-2.27.3.jar:/Users/brycemartin/.m2/repository/software/amazon/awssdk/http-auth-aws/2.27.3/http-auth-aws-2.27.3.jar:/Users/brycemartin/.m2/repository/software/amazon/awssdk/checksums-spi/2.27.3/checksums-spi-2.27.3.jar:/Users/brycemartin/.m2/repository/software/amazon/awssdk/checksums/2.27.3/checksums-2.27.3.jar:/Users/brycemartin/.m2/repository/software/amazon/awssdk/sdk-core/2.27.3/sdk-core-2.27.3.jar:/Users/brycemartin/.m2/repository/software/amazon/awssdk/retries/2.27.3/retries-2.27.3.jar:/Users/brycemartin/.m2/repository/org/reactivestreams/reactive-streams/1.0.4/reactive-streams-1.0.4.jar:/Users/brycemartin/.m2/repository/software/amazon/awssdk/auth/2.27.3/auth-2.27.3.jar:/Users/brycemartin/.m2/repository/software/amazon/awssdk/http-auth-aws-eventstream/2.27.3/http-auth-aws-eventstream-2.27.3.jar:/Users/brycemartin/.m2/repository/software/amazon/eventstream/eventstream/1.0.1/eventstream-1.0.1.jar:/Users/brycemartin/.m2/repository/software/amazon/awssdk/http-auth-spi/2.27.3/http-auth-spi-2.27.3.jar:/Users/brycemartin/.m2/repository/software/amazon/awssdk/http-auth/2.27.3/http-auth-2.27.3.jar:/Users/brycemartin/.m2/repository/software/amazon/awssdk/identity-spi/2.27.3/identity-spi-2.27.3.jar:/Users/brycemartin/.m2/repository/software/amazon/awssdk/http-client-spi/2.27.3/http-client-spi-2.27.3.jar:/Users/brycemartin/.m2/repository/software/amazon/awssdk/regions/2.27.3/regions-2.27.3.jar:/Users/brycemartin/.m2/repository/software/amazon/awssdk/annotations/2.27.3/annotations-2.27.3.jar:/Users/brycemartin/.m2/repository/software/amazon/awssdk/utils/2.27.3/utils-2.27.3.jar:/Users/brycemartin/.m2/repository/software/amazon/awssdk/aws-core/2.27.3/aws-core-2.27.3.jar:/Users/brycemartin/.m2/repository/software/amazon/awssdk/metrics-spi/2.27.3/metrics-spi-2.27.3.jar:/Users/brycemartin/.m2/repository/software/amazon/awssdk/json-utils/2.27.3/json-utils-2.27.3.jar:/Users/brycemartin/.m2/repository/software/amazon/awssdk/endpoints-spi/2.27.3/endpoints-spi-2.27.3.jar:/Users/brycemartin/.m2/repository/software/amazon/awssdk/retries-spi/2.27.3/retries-spi-2.27.3.jar:/Users/brycemartin/.m2/repository/software/amazon/awssdk/apache-client/2.27.3/apache-client-2.27.3.jar:/Users/brycemartin/.m2/repository/org/apache/httpcomponents/httpclient/4.5.13/httpclient-4.5.13.jar:/Users/brycemartin/.m2/repository/commons-logging/commons-logging/1.2/commons-logging-1.2.jar:/Users/brycemartin/.m2/repository/org/apache/httpcomponents/httpcore/4.4.16/httpcore-4.4.16.jar:/Users/brycemartin/.m2/repository/commons-codec/commons-codec/1.17.1/commons-codec-1.17.1.jar:/Users/brycemartin/.m2/repository/software/amazon/awssdk/netty-nio-client/2.27.3/netty-nio-client-2.27.3.jar:/Users/brycemartin/.m2/repository/io/netty/netty-codec-http/4.1.112.Final/netty-codec-http-4.1.112.Final.jar:/Users/brycemartin/.m2/repository/io/netty/netty-codec-http2/4.1.112.Final/netty-codec-http2-4.1.112.Final.jar:/Users/brycemartin/.m2/repository/io/netty/netty-codec/4.1.112.Final/netty-codec-4.1.112.Final.jar:/Users/brycemartin/.m2/repository/io/netty/netty-transport/4.1.112.Final/netty-transport-4.1.112.Final.jar:/Users/brycemartin/.m2/repository/io/netty/netty-common/4.1.112.Final/netty-common-4.1.112.Final.jar:/Users/brycemartin/.m2/repository/io/netty/netty-buffer/4.1.112.Final/netty-buffer-4.1.112.Final.jar:/Users/brycemartin/.m2/repository/io/netty/netty-handler/4.1.112.Final/netty-handler-4.1.112.Final.jar:/Users/brycemartin/.m2/repository/io/netty/netty-transport-native-unix-common/4.1.112.Final/netty-transport-native-unix-common-4.1.112.Final.jar:/Users/brycemartin/.m2/repository/io/netty/netty-transport-classes-epoll/4.1.112.Final/netty-transport-classes-epoll-4.1.112.Final.jar:/Users/brycemartin/.m2/repository/io/netty/netty-resolver/4.1.112.Final/netty-resolver-4.1.112.Final.jar:/Users/brycemartin/.m2/repository/org/slf4j/slf4j-api/2.1.0-alpha1/slf4j-api-2.1.0-alpha1.jar:/Users/brycemartin/.m2/repository/org/slf4j/slf4j-simple/2.1.0-alpha1/slf4j-simple-2.1.0-alpha1.jar:/Users/brycemartin/.m2/repository/org/json/json/20210307/json-20210307.jar:"/>
    <property name="java.vm.vendor" value="Homebrew"/>
    <property name="sun.arch.data.model" value="64"/>
    <property name="java.vendor.url" value="https://github.com/Homebrew/homebrew-core/issues"/>
    <property name="os.name" value="Mac OS X"/>
    <property name="java.vm.specification.version" value="22"/>
    <property name="sun.java.launcher" value="SUN_STANDARD"/>
    <property name="user.country" value="US"/>
    <property name="sun.boot.library.path" value="/opt/homebrew/Cellar/openjdk/22.0.2/libexec/openjdk.jdk/Contents/Home/lib"/>
    <property name="sun.java.command" value="/Users/brycemartin/Documents/CSCE247-GroupProject/speek/target/surefire/surefirebooter15929045424535858394.jar /Users/brycemartin/Documents/CSCE247-GroupProject/speek/target/surefire 2024-10-29T16-31-45_584-jvmRun1 surefire16018469197671964573tmp surefire_08994244171477521763tmp"/>
    <property name="http.nonProxyHosts" value="local|*.local|169.254/16|*.169.254/16"/>
    <property name="jdk.debug" value="release"/>
    <property name="surefire.test.class.path" value="/Users/brycemartin/Documents/CSCE247-GroupProject/speek/target/test-classes:/Users/brycemartin/Documents/CSCE247-GroupProject/speek/target/classes:/Users/brycemartin/.m2/repository/org/junit/jupiter/junit-jupiter/5.8.2/junit-jupiter-5.8.2.jar:/Users/brycemartin/.m2/repository/org/junit/jupiter/junit-jupiter-api/5.11.3/junit-jupiter-api-5.11.3.jar:/Users/brycemartin/.m2/repository/org/opentest4j/opentest4j/1.3.0/opentest4j-1.3.0.jar:/Users/brycemartin/.m2/repository/org/junit/platform/junit-platform-commons/1.11.3/junit-platform-commons-1.11.3.jar:/Users/brycemartin/.m2/repository/org/apiguardian/apiguardian-api/1.1.2/apiguardian-api-1.1.2.jar:/Users/brycemartin/.m2/repository/org/junit/jupiter/junit-jupiter-params/5.11.3/junit-jupiter-params-5.11.3.jar:/Users/brycemartin/.m2/repository/org/junit/jupiter/junit-jupiter-engine/5.11.3/junit-jupiter-engine-5.11.3.jar:/Users/brycemartin/.m2/repository/org/junit/platform/junit-platform-engine/1.11.3/junit-platform-engine-1.11.3.jar:/Users/brycemartin/.m2/repository/com/squareup/okhttp3/okhttp/4.9.2/okhttp-4.9.2.jar:/Users/brycemartin/.m2/repository/com/squareup/okio/okio/2.8.0/okio-2.8.0.jar:/Users/brycemartin/.m2/repository/org/jetbrains/kotlin/kotlin-stdlib-common/1.4.0/kotlin-stdlib-common-1.4.0.jar:/Users/brycemartin/.m2/repository/org/jetbrains/kotlin/kotlin-stdlib/1.4.10/kotlin-stdlib-1.4.10.jar:/Users/brycemartin/.m2/repository/org/jetbrains/annotations/13.0/annotations-13.0.jar:/Users/brycemartin/.m2/repository/javazoom/jlayer/1.0.1/jlayer-1.0.1.jar:/Users/brycemartin/.m2/repository/com/googlecode/json-simple/json-simple/1.1.1/json-simple-1.1.1.jar:/Users/brycemartin/.m2/repository/junit/junit/4.10/junit-4.10.jar:/Users/brycemartin/.m2/repository/org/hamcrest/hamcrest-core/1.1/hamcrest-core-1.1.jar:/Users/brycemartin/.m2/repository/com/google/code/gson/gson/2.10.1/gson-2.10.1.jar:/Users/brycemartin/.m2/repository/software/amazon/awssdk/polly/2.27.3/polly-2.27.3.jar:/Users/brycemartin/.m2/repository/software/amazon/awssdk/aws-json-protocol/2.27.3/aws-json-protocol-2.27.3.jar:/Users/brycemartin/.m2/repository/software/amazon/awssdk/third-party-jackson-core/2.27.3/third-party-jackson-core-2.27.3.jar:/Users/brycemartin/.m2/repository/software/amazon/awssdk/protocol-core/2.27.3/protocol-core-2.27.3.jar:/Users/brycemartin/.m2/repository/software/amazon/awssdk/profiles/2.27.3/profiles-2.27.3.jar:/Users/brycemartin/.m2/repository/software/amazon/awssdk/http-auth-aws/2.27.3/http-auth-aws-2.27.3.jar:/Users/brycemartin/.m2/repository/software/amazon/awssdk/checksums-spi/2.27.3/checksums-spi-2.27.3.jar:/Users/brycemartin/.m2/repository/software/amazon/awssdk/checksums/2.27.3/checksums-2.27.3.jar:/Users/brycemartin/.m2/repository/software/amazon/awssdk/sdk-core/2.27.3/sdk-core-2.27.3.jar:/Users/brycemartin/.m2/repository/software/amazon/awssdk/retries/2.27.3/retries-2.27.3.jar:/Users/brycemartin/.m2/repository/org/reactivestreams/reactive-streams/1.0.4/reactive-streams-1.0.4.jar:/Users/brycemartin/.m2/repository/software/amazon/awssdk/auth/2.27.3/auth-2.27.3.jar:/Users/brycemartin/.m2/repository/software/amazon/awssdk/http-auth-aws-eventstream/2.27.3/http-auth-aws-eventstream-2.27.3.jar:/Users/brycemartin/.m2/repository/software/amazon/eventstream/eventstream/1.0.1/eventstream-1.0.1.jar:/Users/brycemartin/.m2/repository/software/amazon/awssdk/http-auth-spi/2.27.3/http-auth-spi-2.27.3.jar:/Users/brycemartin/.m2/repository/software/amazon/awssdk/http-auth/2.27.3/http-auth-2.27.3.jar:/Users/brycemartin/.m2/repository/software/amazon/awssdk/identity-spi/2.27.3/identity-spi-2.27.3.jar:/Users/brycemartin/.m2/repository/software/amazon/awssdk/http-client-spi/2.27.3/http-client-spi-2.27.3.jar:/Users/brycemartin/.m2/repository/software/amazon/awssdk/regions/2.27.3/regions-2.27.3.jar:/Users/brycemartin/.m2/repository/software/amazon/awssdk/annotations/2.27.3/annotations-2.27.3.jar:/Users/brycemartin/.m2/repository/software/amazon/awssdk/utils/2.27.3/utils-2.27.3.jar:/Users/brycemartin/.m2/repository/software/amazon/awssdk/aws-core/2.27.3/aws-core-2.27.3.jar:/Users/brycemartin/.m2/repository/software/amazon/awssdk/metrics-spi/2.27.3/metrics-spi-2.27.3.jar:/Users/brycemartin/.m2/repository/software/amazon/awssdk/json-utils/2.27.3/json-utils-2.27.3.jar:/Users/brycemartin/.m2/repository/software/amazon/awssdk/endpoints-spi/2.27.3/endpoints-spi-2.27.3.jar:/Users/brycemartin/.m2/repository/software/amazon/awssdk/retries-spi/2.27.3/retries-spi-2.27.3.jar:/Users/brycemartin/.m2/repository/software/amazon/awssdk/apache-client/2.27.3/apache-client-2.27.3.jar:/Users/brycemartin/.m2/repository/org/apache/httpcomponents/httpclient/4.5.13/httpclient-4.5.13.jar:/Users/brycemartin/.m2/repository/commons-logging/commons-logging/1.2/commons-logging-1.2.jar:/Users/brycemartin/.m2/repository/org/apache/httpcomponents/httpcore/4.4.16/httpcore-4.4.16.jar:/Users/brycemartin/.m2/repository/commons-codec/commons-codec/1.17.1/commons-codec-1.17.1.jar:/Users/brycemartin/.m2/repository/software/amazon/awssdk/netty-nio-client/2.27.3/netty-nio-client-2.27.3.jar:/Users/brycemartin/.m2/repository/io/netty/netty-codec-http/4.1.112.Final/netty-codec-http-4.1.112.Final.jar:/Users/brycemartin/.m2/repository/io/netty/netty-codec-http2/4.1.112.Final/netty-codec-http2-4.1.112.Final.jar:/Users/brycemartin/.m2/repository/io/netty/netty-codec/4.1.112.Final/netty-codec-4.1.112.Final.jar:/Users/brycemartin/.m2/repository/io/netty/netty-transport/4.1.112.Final/netty-transport-4.1.112.Final.jar:/Users/brycemartin/.m2/repository/io/netty/netty-common/4.1.112.Final/netty-common-4.1.112.Final.jar:/Users/brycemartin/.m2/repository/io/netty/netty-buffer/4.1.112.Final/netty-buffer-4.1.112.Final.jar:/Users/brycemartin/.m2/repository/io/netty/netty-handler/4.1.112.Final/netty-handler-4.1.112.Final.jar:/Users/brycemartin/.m2/repository/io/netty/netty-transport-native-unix-common/4.1.112.Final/netty-transport-native-unix-common-4.1.112.Final.jar:/Users/brycemartin/.m2/repository/io/netty/netty-transport-classes-epoll/4.1.112.Final/netty-transport-classes-epoll-4.1.112.Final.jar:/Users/brycemartin/.m2/repository/io/netty/netty-resolver/4.1.112.Final/netty-resolver-4.1.112.Final.jar:/Users/brycemartin/.m2/repository/org/slf4j/slf4j-api/2.1.0-alpha1/slf4j-api-2.1.0-alpha1.jar:/Users/brycemartin/.m2/repository/org/slf4j/slf4j-simple/2.1.0-alpha1/slf4j-simple-2.1.0-alpha1.jar:/Users/brycemartin/.m2/repository/org/json/json/20210307/json-20210307.jar:"/>
    <property name="sun.cpu.endian" value="little"/>
    <property name="user.home" value="/Users/brycemartin"/>
    <property name="user.language" value="en"/>
    <property name="java.specification.vendor" value="Oracle Corporation"/>
    <property name="java.version.date" value="2024-07-16"/>
    <property name="java.home" value="/opt/homebrew/Cellar/openjdk/22.0.2/libexec/openjdk.jdk/Contents/Home"/>
    <property name="file.separator" value="/"/>
    <property name="basedir" value="/Users/brycemartin/Documents/CSCE247-GroupProject/speek"/>
    <property name="java.vm.compressedOopsMode" value="Zero based"/>
    <property name="line.separator" value="&#10;"/>
    <property name="java.vm.specification.vendor" value="Oracle Corporation"/>
    <property name="java.specification.name" value="Java Platform API Specification"/>
    <property name="apple.awt.application.name" value="ForkedBooter"/>
    <property name="surefire.real.class.path" value="/Users/brycemartin/Documents/CSCE247-GroupProject/speek/target/surefire/surefirebooter15929045424535858394.jar"/>
    <property name="sun.management.compiler" value="HotSpot 64-Bit Tiered Compilers"/>
    <property name="ftp.nonProxyHosts" value="local|*.local|169.254/16|*.169.254/16"/>
    <property name="java.runtime.version" value="22.0.2"/>
    <property name="user.name" value="brycemartin"/>
    <property name="stdout.encoding" value="UTF-8"/>
    <property name="path.separator" value=":"/>
    <property name="os.version" value="15.1"/>
    <property name="java.runtime.name" value="OpenJDK Runtime Environment"/>
    <property name="file.encoding" value="UTF-8"/>
    <property name="java.vm.name" value="OpenJDK 64-Bit Server VM"/>
    <property name="java.vendor.version" value="Homebrew"/>
    <property name="localRepository" value="/Users/brycemartin/.m2/repository"/>
    <property name="java.vendor.url.bug" value="https://github.com/Homebrew/homebrew-core/issues"/>
    <property name="java.io.tmpdir" value="/var/folders/44/34w8stw909125v9lyqlrwjyc0000gn/T/"/>
    <property name="java.version" value="22.0.2"/>
    <property name="user.dir" value="/Users/brycemartin/Documents/CSCE247-GroupProject/speek"/>
    <property name="os.arch" value="aarch64"/>
    <property name="java.vm.specification.name" value="Java Virtual Machine Specification"/>
    <property name="native.encoding" value="UTF-8"/>
    <property name="java.library.path" value="/Users/brycemartin/Library/Java/Extensions:/Library/Java/Extensions:/Network/Library/Java/Extensions:/System/Library/Java/Extensions:/usr/lib/java:."/>
    <property name="java.vm.info" value="mixed mode, sharing"/>
    <property name="stderr.encoding" value="UTF-8"/>
    <property name="java.vendor" value="Homebrew"/>
    <property name="java.vm.version" value="22.0.2"/>
    <property name="sun.io.unicode.encoding" value="UnicodeBig"/>
    <property name="socksNonProxyHosts" value="local|*.local|169.254/16|*.169.254/16"/>
    <property name="java.class.version" value="66.0"/>
  </properties>
  <testcase name="testSingletonInstance" classname="model.AchievementListTest" time="0.019">
    <error type="java.lang.NullPointerException"><![CDATA[java.lang.NullPointerException: Cannot invoke "java.util.ArrayList.clear()" because the return value of "model.AchievementList.getAchievements()" is null
	at model.AchievementListTest.setUp(AchievementListTest.java:21)
]]></error>
    <system-err><![CDATA[java.io.FileNotFoundException: json/User.json (No such file or directory)
	at java.base/java.io.FileInputStream.open0(Native Method)
	at java.base/java.io.FileInputStream.open(FileInputStream.java:213)
	at java.base/java.io.FileInputStream.<init>(FileInputStream.java:152)
	at java.base/java.io.FileInputStream.<init>(FileInputStream.java:106)
	at java.base/java.io.FileReader.<init>(FileReader.java:60)
	at model.DataLoader.loadAchievements(DataLoader.java:414)
	at model.AchievementList.<init>(AchievementList.java:20)
	at model.AchievementList.getInstance(AchievementList.java:31)
	at model.AchievementListTest.setUp(AchievementListTest.java:20)
	at java.base/jdk.internal.reflect.DirectMethodHandleAccessor.invoke(DirectMethodHandleAccessor.java:103)
	at java.base/java.lang.reflect.Method.invoke(Method.java:580)
	at org.junit.platform.commons.util.ReflectionUtils.invokeMethod(ReflectionUtils.java:767)
	at org.junit.jupiter.engine.execution.MethodInvocation.proceed(MethodInvocation.java:60)
	at org.junit.jupiter.engine.execution.InvocationInterceptorChain$ValidatingInvocation.proceed(InvocationInterceptorChain.java:131)
	at org.junit.jupiter.engine.extension.TimeoutExtension.intercept(TimeoutExtension.java:156)
	at org.junit.jupiter.engine.extension.TimeoutExtension.interceptLifecycleMethod(TimeoutExtension.java:128)
	at org.junit.jupiter.engine.extension.TimeoutExtension.interceptBeforeEachMethod(TimeoutExtension.java:78)
	at org.junit.jupiter.engine.execution.InterceptingExecutableInvoker$ReflectiveInterceptorCall.lambda$ofVoidMethod$0(InterceptingExecutableInvoker.java:103)
	at org.junit.jupiter.engine.execution.InterceptingExecutableInvoker.lambda$invoke$0(InterceptingExecutableInvoker.java:93)
	at org.junit.jupiter.engine.execution.InvocationInterceptorChain$InterceptedInvocation.proceed(InvocationInterceptorChain.java:106)
	at org.junit.jupiter.engine.execution.InvocationInterceptorChain.proceed(InvocationInterceptorChain.java:64)
	at org.junit.jupiter.engine.execution.InvocationInterceptorChain.chainAndInvoke(InvocationInterceptorChain.java:45)
	at org.junit.jupiter.engine.execution.InvocationInterceptorChain.invoke(InvocationInterceptorChain.java:37)
	at org.junit.jupiter.engine.execution.InterceptingExecutableInvoker.invoke(InterceptingExecutableInvoker.java:92)
	at org.junit.jupiter.engine.execution.InterceptingExecutableInvoker.invoke(InterceptingExecutableInvoker.java:86)
	at org.junit.jupiter.engine.descriptor.ClassBasedTestDescriptor.invokeMethodInExtensionContext(ClassBasedTestDescriptor.java:521)
	at org.junit.jupiter.engine.descriptor.ClassBasedTestDescriptor.lambda$synthesizeBeforeEachMethodAdapter$24(ClassBasedTestDescriptor.java:506)
	at org.junit.jupiter.engine.descriptor.TestMethodTestDescriptor.lambda$invokeBeforeEachMethods$4(TestMethodTestDescriptor.java:174)
	at org.junit.jupiter.engine.descriptor.TestMethodTestDescriptor.lambda$invokeBeforeMethodsOrCallbacksUntilExceptionOccurs$7(TestMethodTestDescriptor.java:202)
	at org.junit.platform.engine.support.hierarchical.ThrowableCollector.execute(ThrowableCollector.java:73)
	at org.junit.jupiter.engine.descriptor.TestMethodTestDescriptor.invokeBeforeMethodsOrCallbacksUntilExceptionOccurs(TestMethodTestDescriptor.java:202)
	at org.junit.jupiter.engine.descriptor.TestMethodTestDescriptor.invokeBeforeEachMethods(TestMethodTestDescriptor.java:171)
	at org.junit.jupiter.engine.descriptor.TestMethodTestDescriptor.execute(TestMethodTestDescriptor.java:134)
	at org.junit.jupiter.engine.descriptor.TestMethodTestDescriptor.execute(TestMethodTestDescriptor.java:68)
	at org.junit.platform.engine.support.hierarchical.NodeTestTask.lambda$executeRecursively$6(NodeTestTask.java:156)
	at org.junit.platform.engine.support.hierarchical.ThrowableCollector.execute(ThrowableCollector.java:73)
	at org.junit.platform.engine.support.hierarchical.NodeTestTask.lambda$executeRecursively$8(NodeTestTask.java:146)
	at org.junit.platform.engine.support.hierarchical.Node.around(Node.java:137)
	at org.junit.platform.engine.support.hierarchical.NodeTestTask.lambda$executeRecursively$9(NodeTestTask.java:144)
	at org.junit.platform.engine.support.hierarchical.ThrowableCollector.execute(ThrowableCollector.java:73)
	at org.junit.platform.engine.support.hierarchical.NodeTestTask.executeRecursively(NodeTestTask.java:143)
	at org.junit.platform.engine.support.hierarchical.NodeTestTask.execute(NodeTestTask.java:100)
	at java.base/java.util.ArrayList.forEach(ArrayList.java:1597)
	at org.junit.platform.engine.support.hierarchical.SameThreadHierarchicalTestExecutorService.invokeAll(SameThreadHierarchicalTestExecutorService.java:41)
	at org.junit.platform.engine.support.hierarchical.NodeTestTask.lambda$executeRecursively$6(NodeTestTask.java:160)
	at org.junit.platform.engine.support.hierarchical.ThrowableCollector.execute(ThrowableCollector.java:73)
	at org.junit.platform.engine.support.hierarchical.NodeTestTask.lambda$executeRecursively$8(NodeTestTask.java:146)
	at org.junit.platform.engine.support.hierarchical.Node.around(Node.java:137)
	at org.junit.platform.engine.support.hierarchical.NodeTestTask.lambda$executeRecursively$9(NodeTestTask.java:144)
	at org.junit.platform.engine.support.hierarchical.ThrowableCollector.execute(ThrowableCollector.java:73)
	at org.junit.platform.engine.support.hierarchical.NodeTestTask.executeRecursively(NodeTestTask.java:143)
	at org.junit.platform.engine.support.hierarchical.NodeTestTask.execute(NodeTestTask.java:100)
	at java.base/java.util.ArrayList.forEach(ArrayList.java:1597)
	at org.junit.platform.engine.support.hierarchical.SameThreadHierarchicalTestExecutorService.invokeAll(SameThreadHierarchicalTestExecutorService.java:41)
	at org.junit.platform.engine.support.hierarchical.NodeTestTask.lambda$executeRecursively$6(NodeTestTask.java:160)
	at org.junit.platform.engine.support.hierarchical.ThrowableCollector.execute(ThrowableCollector.java:73)
	at org.junit.platform.engine.support.hierarchical.NodeTestTask.lambda$executeRecursively$8(NodeTestTask.java:146)
	at org.junit.platform.engine.support.hierarchical.Node.around(Node.java:137)
	at org.junit.platform.engine.support.hierarchical.NodeTestTask.lambda$executeRecursively$9(NodeTestTask.java:144)
	at org.junit.platform.engine.support.hierarchical.ThrowableCollector.execute(ThrowableCollector.java:73)
	at org.junit.platform.engine.support.hierarchical.NodeTestTask.executeRecursively(NodeTestTask.java:143)
	at org.junit.platform.engine.support.hierarchical.NodeTestTask.execute(NodeTestTask.java:100)
	at org.junit.platform.engine.support.hierarchical.SameThreadHierarchicalTestExecutorService.submit(SameThreadHierarchicalTestExecutorService.java:35)
	at org.junit.platform.engine.support.hierarchical.HierarchicalTestExecutor.execute(HierarchicalTestExecutor.java:57)
	at org.junit.platform.engine.support.hierarchical.HierarchicalTestEngine.execute(HierarchicalTestEngine.java:54)
	at org.junit.platform.launcher.core.EngineExecutionOrchestrator.execute(EngineExecutionOrchestrator.java:198)
	at org.junit.platform.launcher.core.EngineExecutionOrchestrator.execute(EngineExecutionOrchestrator.java:169)
	at org.junit.platform.launcher.core.EngineExecutionOrchestrator.execute(EngineExecutionOrchestrator.java:93)
	at org.junit.platform.launcher.core.EngineExecutionOrchestrator.lambda$execute$0(EngineExecutionOrchestrator.java:58)
	at org.junit.platform.launcher.core.EngineExecutionOrchestrator.withInterceptedStreams(EngineExecutionOrchestrator.java:141)
	at org.junit.platform.launcher.core.EngineExecutionOrchestrator.execute(EngineExecutionOrchestrator.java:57)
	at org.junit.platform.launcher.core.DefaultLauncher.execute(DefaultLauncher.java:103)
	at org.junit.platform.launcher.core.DefaultLauncher.execute(DefaultLauncher.java:85)
	at org.junit.platform.launcher.core.DelegatingLauncher.execute(DelegatingLauncher.java:47)
	at org.junit.platform.launcher.core.SessionPerRequestLauncher.execute(SessionPerRequestLauncher.java:63)
	at org.apache.maven.surefire.junitplatform.JUnitPlatformProvider.execute(JUnitPlatformProvider.java:188)
	at org.apache.maven.surefire.junitplatform.JUnitPlatformProvider.invokeAllTests(JUnitPlatformProvider.java:154)
	at org.apache.maven.surefire.junitplatform.JUnitPlatformProvider.invoke(JUnitPlatformProvider.java:128)
	at org.apache.maven.surefire.booter.ForkedBooter.runSuitesInProcess(ForkedBooter.java:428)
	at org.apache.maven.surefire.booter.ForkedBooter.execute(ForkedBooter.java:162)
	at org.apache.maven.surefire.booter.ForkedBooter.run(ForkedBooter.java:562)
	at org.apache.maven.surefire.booter.ForkedBooter.main(ForkedBooter.java:548)
]]></system-err>
  </testcase>
  <testcase name="testGetAchievementById" classname="model.AchievementListTest" time="0.001">
    <error type="java.lang.NullPointerException"><![CDATA[java.lang.NullPointerException: Cannot invoke "java.util.ArrayList.clear()" because the return value of "model.AchievementList.getAchievements()" is null
	at model.AchievementListTest.setUp(AchievementListTest.java:21)
]]></error>
  </testcase>
  <testcase name="testRemoveAchievementByTitle" classname="model.AchievementListTest" time="0.001">
    <error type="java.lang.NullPointerException"><![CDATA[java.lang.NullPointerException: Cannot invoke "java.util.ArrayList.clear()" because the return value of "model.AchievementList.getAchievements()" is null
	at model.AchievementListTest.setUp(AchievementListTest.java:21)
]]></error>
  </testcase>
  <testcase name="testRemoveNonExistentAchievement" classname="model.AchievementListTest" time="0.002">
    <error type="java.lang.NullPointerException"><![CDATA[java.lang.NullPointerException: Cannot invoke "java.util.ArrayList.clear()" because the return value of "model.AchievementList.getAchievements()" is null
	at model.AchievementListTest.setUp(AchievementListTest.java:21)
]]></error>
  </testcase>
  <testcase name="testAddDuplicateAchievement" classname="model.AchievementListTest" time="0.001">
    <error type="java.lang.NullPointerException"><![CDATA[java.lang.NullPointerException: Cannot invoke "java.util.ArrayList.clear()" because the return value of "model.AchievementList.getAchievements()" is null
	at model.AchievementListTest.setUp(AchievementListTest.java:21)
]]></error>
  </testcase>
  <testcase name="testGetTotalAchievements" classname="model.AchievementListTest" time="0.001">
    <error type="java.lang.NullPointerException"><![CDATA[java.lang.NullPointerException: Cannot invoke "java.util.ArrayList.clear()" because the return value of "model.AchievementList.getAchievements()" is null
	at model.AchievementListTest.setUp(AchievementListTest.java:21)
]]></error>
  </testcase>
  <testcase name="testAddAchievement" classname="model.AchievementListTest" time="0">
    <error type="java.lang.NullPointerException"><![CDATA[java.lang.NullPointerException: Cannot invoke "java.util.ArrayList.clear()" because the return value of "model.AchievementList.getAchievements()" is null
	at model.AchievementListTest.setUp(AchievementListTest.java:21)
]]></error>
  </testcase>
  <testcase name="testGetAchievementByTitle" classname="model.AchievementListTest" time="0.001">
    <error type="java.lang.NullPointerException"><![CDATA[java.lang.NullPointerException: Cannot invoke "java.util.ArrayList.clear()" because the return value of "model.AchievementList.getAchievements()" is null
	at model.AchievementListTest.setUp(AchievementListTest.java:21)
]]></error>
  </testcase>
</testsuite>