<?xml version="1.0" encoding="UTF-8"?>
<testsuite xmlns:xsi="http://www.w3.org/2001/XMLSchema-instance" xsi:noNamespaceSchemaLocation="https://maven.apache.org/surefire/maven-surefire-plugin/xsd/surefire-test-report-3.0.xsd" version="3.0" name="model.DataWriterTest" time="0.284" tests="1" errors="0" skipped="0" failures="0">
  <properties>
    <property name="java.specification.version" value="17"/>
    <property name="sun.cpu.isalist" value="amd64"/>
    <property name="sun.jnu.encoding" value="Cp1252"/>
    <property name="java.class.path" value="C:\Users\yatin\OneDrive\Desktop\GroupProject\CSCE247-GroupProject\target\test-classes;C:\Users\yatin\OneDrive\Desktop\GroupProject\CSCE247-GroupProject\target\classes;C:\Users\yatin\.m2\repository\org\junit\surefire-junit5\5.0.0-ALPHA\surefire-junit5-5.0.0-ALPHA.jar;C:\Users\yatin\.m2\repository\org\junit\junit4-engine\5.0.0-ALPHA\junit4-engine-5.0.0-ALPHA.jar;C:\Users\yatin\.m2\repository\org\junit\junit-engine-api\5.0.0-ALPHA\junit-engine-api-5.0.0-ALPHA.jar;C:\Users\yatin\.m2\repository\org\junit\junit-commons\5.0.0-ALPHA\junit-commons-5.0.0-ALPHA.jar;C:\Users\yatin\.m2\repository\org\apache\maven\surefire\surefire-api\2.19\surefire-api-2.19.jar;C:\Users\yatin\.m2\repository\org\apache\maven\surefire\common-java5\2.19\common-java5-2.19.jar;C:\Users\yatin\.m2\repository\org\junit\junit-launcher\5.0.0-ALPHA\junit-launcher-5.0.0-ALPHA.jar;C:\Users\yatin\.m2\repository\org\junit\junit5-engine\5.0.0-ALPHA\junit5-engine-5.0.0-ALPHA.jar;C:\Users\yatin\.m2\repository\org\junit\junit5-api\5.0.0-ALPHA\junit5-api-5.0.0-ALPHA.jar;C:\Users\yatin\.m2\repository\org\junit\jupiter\junit-jupiter\5.8.2\junit-jupiter-5.8.2.jar;C:\Users\yatin\.m2\repository\org\junit\jupiter\junit-jupiter-api\5.8.2\junit-jupiter-api-5.8.2.jar;C:\Users\yatin\.m2\repository\org\opentest4j\opentest4j\1.2.0\opentest4j-1.2.0.jar;C:\Users\yatin\.m2\repository\org\junit\platform\junit-platform-commons\1.8.2\junit-platform-commons-1.8.2.jar;C:\Users\yatin\.m2\repository\org\apiguardian\apiguardian-api\1.1.2\apiguardian-api-1.1.2.jar;C:\Users\yatin\.m2\repository\org\junit\jupiter\junit-jupiter-params\5.8.2\junit-jupiter-params-5.8.2.jar;C:\Users\yatin\.m2\repository\org\junit\jupiter\junit-jupiter-engine\5.8.2\junit-jupiter-engine-5.8.2.jar;C:\Users\yatin\.m2\repository\org\junit\platform\junit-platform-engine\1.8.2\junit-platform-engine-1.8.2.jar;C:\Users\yatin\.m2\repository\com\squareup\okhttp3\okhttp\4.9.2\okhttp-4.9.2.jar;C:\Users\yatin\.m2\repository\com\squareup\okio\okio\2.8.0\okio-2.8.0.jar;C:\Users\yatin\.m2\repository\org\jetbrains\kotlin\kotlin-stdlib-common\1.4.0\kotlin-stdlib-common-1.4.0.jar;C:\Users\yatin\.m2\repository\org\jetbrains\kotlin\kotlin-stdlib\1.4.10\kotlin-stdlib-1.4.10.jar;C:\Users\yatin\.m2\repository\org\jetbrains\annotations\13.0\annotations-13.0.jar;C:\Users\yatin\.m2\repository\javazoom\jlayer\1.0.1\jlayer-1.0.1.jar;C:\Users\yatin\.m2\repository\com\googlecode\json-simple\json-simple\1.1.1\json-simple-1.1.1.jar;C:\Users\yatin\.m2\repository\junit\junit\4.10\junit-4.10.jar;C:\Users\yatin\.m2\repository\org\hamcrest\hamcrest-core\1.1\hamcrest-core-1.1.jar;C:\Users\yatin\.m2\repository\com\google\code\gson\gson\2.10.1\gson-2.10.1.jar;C:\Users\yatin\.m2\repository\software\amazon\awssdk\polly\2.27.3\polly-2.27.3.jar;C:\Users\yatin\.m2\repository\software\amazon\awssdk\aws-json-protocol\2.27.3\aws-json-protocol-2.27.3.jar;C:\Users\yatin\.m2\repository\software\amazon\awssdk\third-party-jackson-core\2.27.3\third-party-jackson-core-2.27.3.jar;C:\Users\yatin\.m2\repository\software\amazon\awssdk\protocol-core\2.27.3\protocol-core-2.27.3.jar;C:\Users\yatin\.m2\repository\software\amazon\awssdk\profiles\2.27.3\profiles-2.27.3.jar;C:\Users\yatin\.m2\repository\software\amazon\awssdk\http-auth-aws\2.27.3\http-auth-aws-2.27.3.jar;C:\Users\yatin\.m2\repository\software\amazon\awssdk\checksums-spi\2.27.3\checksums-spi-2.27.3.jar;C:\Users\yatin\.m2\repository\software\amazon\awssdk\checksums\2.27.3\checksums-2.27.3.jar;C:\Users\yatin\.m2\repository\software\amazon\awssdk\sdk-core\2.27.3\sdk-core-2.27.3.jar;C:\Users\yatin\.m2\repository\software\amazon\awssdk\retries\2.27.3\retries-2.27.3.jar;C:\Users\yatin\.m2\repository\org\reactivestreams\reactive-streams\1.0.4\reactive-streams-1.0.4.jar;C:\Users\yatin\.m2\repository\software\amazon\awssdk\auth\2.27.3\auth-2.27.3.jar;C:\Users\yatin\.m2\repository\software\amazon\awssdk\http-auth-aws-eventstream\2.27.3\http-auth-aws-eventstream-2.27.3.jar;C:\Users\yatin\.m2\repository\software\amazon\eventstream\eventstream\1.0.1\eventstream-1.0.1.jar;C:\Users\yatin\.m2\repository\software\amazon\awssdk\http-auth-spi\2.27.3\http-auth-spi-2.27.3.jar;C:\Users\yatin\.m2\repository\software\amazon\awssdk\http-auth\2.27.3\http-auth-2.27.3.jar;C:\Users\yatin\.m2\repository\software\amazon\awssdk\identity-spi\2.27.3\identity-spi-2.27.3.jar;C:\Users\yatin\.m2\repository\software\amazon\awssdk\http-client-spi\2.27.3\http-client-spi-2.27.3.jar;C:\Users\yatin\.m2\repository\software\amazon\awssdk\regions\2.27.3\regions-2.27.3.jar;C:\Users\yatin\.m2\repository\software\amazon\awssdk\annotations\2.27.3\annotations-2.27.3.jar;C:\Users\yatin\.m2\repository\software\amazon\awssdk\utils\2.27.3\utils-2.27.3.jar;C:\Users\yatin\.m2\repository\software\amazon\awssdk\aws-core\2.27.3\aws-core-2.27.3.jar;C:\Users\yatin\.m2\repository\software\amazon\awssdk\metrics-spi\2.27.3\metrics-spi-2.27.3.jar;C:\Users\yatin\.m2\repository\software\amazon\awssdk\json-utils\2.27.3\json-utils-2.27.3.jar;C:\Users\yatin\.m2\repository\software\amazon\awssdk\endpoints-spi\2.27.3\endpoints-spi-2.27.3.jar;C:\Users\yatin\.m2\repository\software\amazon\awssdk\retries-spi\2.27.3\retries-spi-2.27.3.jar;C:\Users\yatin\.m2\repository\software\amazon\awssdk\apache-client\2.27.3\apache-client-2.27.3.jar;C:\Users\yatin\.m2\repository\org\apache\httpcomponents\httpclient\4.5.13\httpclient-4.5.13.jar;C:\Users\yatin\.m2\repository\commons-logging\commons-logging\1.2\commons-logging-1.2.jar;C:\Users\yatin\.m2\repository\org\apache\httpcomponents\httpcore\4.4.16\httpcore-4.4.16.jar;C:\Users\yatin\.m2\repository\commons-codec\commons-codec\1.17.1\commons-codec-1.17.1.jar;C:\Users\yatin\.m2\repository\software\amazon\awssdk\netty-nio-client\2.27.3\netty-nio-client-2.27.3.jar;C:\Users\yatin\.m2\repository\io\netty\netty-codec-http\4.1.112.Final\netty-codec-http-4.1.112.Final.jar;C:\Users\yatin\.m2\repository\io\netty\netty-codec-http2\4.1.112.Final\netty-codec-http2-4.1.112.Final.jar;C:\Users\yatin\.m2\repository\io\netty\netty-codec\4.1.112.Final\netty-codec-4.1.112.Final.jar;C:\Users\yatin\.m2\repository\io\netty\netty-transport\4.1.112.Final\netty-transport-4.1.112.Final.jar;C:\Users\yatin\.m2\repository\io\netty\netty-common\4.1.112.Final\netty-common-4.1.112.Final.jar;C:\Users\yatin\.m2\repository\io\netty\netty-buffer\4.1.112.Final\netty-buffer-4.1.112.Final.jar;C:\Users\yatin\.m2\repository\io\netty\netty-handler\4.1.112.Final\netty-handler-4.1.112.Final.jar;C:\Users\yatin\.m2\repository\io\netty\netty-transport-native-unix-common\4.1.112.Final\netty-transport-native-unix-common-4.1.112.Final.jar;C:\Users\yatin\.m2\repository\io\netty\netty-transport-classes-epoll\4.1.112.Final\netty-transport-classes-epoll-4.1.112.Final.jar;C:\Users\yatin\.m2\repository\io\netty\netty-resolver\4.1.112.Final\netty-resolver-4.1.112.Final.jar;C:\Users\yatin\.m2\repository\org\slf4j\slf4j-api\2.1.0-alpha1\slf4j-api-2.1.0-alpha1.jar;C:\Users\yatin\.m2\repository\org\slf4j\slf4j-simple\2.1.0-alpha1\slf4j-simple-2.1.0-alpha1.jar;C:\Users\yatin\.m2\repository\org\json\json\20210307\json-20210307.jar;"/>
    <property name="java.vm.vendor" value="Eclipse Adoptium"/>
    <property name="sun.arch.data.model" value="64"/>
    <property name="user.variant" value=""/>
    <property name="java.vendor.url" value="https://adoptium.net/"/>
    <property name="user.timezone" value="America/New_York"/>
    <property name="os.name" value="Windows 11"/>
    <property name="java.vm.specification.version" value="17"/>
    <property name="user.country" value="US"/>
    <property name="sun.java.launcher" value="SUN_STANDARD"/>
    <property name="sun.boot.library.path" value="C:\Users\yatin\AppData\Local\Programs\Eclipse Adoptium\jdk-17.0.8.101-hotspot\bin"/>
    <property name="sun.java.command" value="C:\Users\yatin\AppData\Local\Temp\surefire9025284630213915408\surefirebooter3501566096823976140.jar C:\Users\yatin\AppData\Local\Temp\surefire9025284630213915408 2024-11-03T19-51-18_767-jvmRun1 surefire11809884563694233543tmp surefire_015557084997845008781tmp"/>
    <property name="jdk.debug" value="release"/>
    <property name="test" value="model.DataWriterTest"/>
    <property name="surefire.test.class.path" value="C:\Users\yatin\OneDrive\Desktop\GroupProject\CSCE247-GroupProject\target\test-classes;C:\Users\yatin\OneDrive\Desktop\GroupProject\CSCE247-GroupProject\target\classes;C:\Users\yatin\.m2\repository\org\junit\surefire-junit5\5.0.0-ALPHA\surefire-junit5-5.0.0-ALPHA.jar;C:\Users\yatin\.m2\repository\org\junit\junit4-engine\5.0.0-ALPHA\junit4-engine-5.0.0-ALPHA.jar;C:\Users\yatin\.m2\repository\org\junit\junit-engine-api\5.0.0-ALPHA\junit-engine-api-5.0.0-ALPHA.jar;C:\Users\yatin\.m2\repository\org\junit\junit-commons\5.0.0-ALPHA\junit-commons-5.0.0-ALPHA.jar;C:\Users\yatin\.m2\repository\org\apache\maven\surefire\surefire-api\2.19\surefire-api-2.19.jar;C:\Users\yatin\.m2\repository\org\apache\maven\surefire\common-java5\2.19\common-java5-2.19.jar;C:\Users\yatin\.m2\repository\org\junit\junit-launcher\5.0.0-ALPHA\junit-launcher-5.0.0-ALPHA.jar;C:\Users\yatin\.m2\repository\org\junit\junit5-engine\5.0.0-ALPHA\junit5-engine-5.0.0-ALPHA.jar;C:\Users\yatin\.m2\repository\org\junit\junit5-api\5.0.0-ALPHA\junit5-api-5.0.0-ALPHA.jar;C:\Users\yatin\.m2\repository\org\junit\jupiter\junit-jupiter\5.8.2\junit-jupiter-5.8.2.jar;C:\Users\yatin\.m2\repository\org\junit\jupiter\junit-jupiter-api\5.8.2\junit-jupiter-api-5.8.2.jar;C:\Users\yatin\.m2\repository\org\opentest4j\opentest4j\1.2.0\opentest4j-1.2.0.jar;C:\Users\yatin\.m2\repository\org\junit\platform\junit-platform-commons\1.8.2\junit-platform-commons-1.8.2.jar;C:\Users\yatin\.m2\repository\org\apiguardian\apiguardian-api\1.1.2\apiguardian-api-1.1.2.jar;C:\Users\yatin\.m2\repository\org\junit\jupiter\junit-jupiter-params\5.8.2\junit-jupiter-params-5.8.2.jar;C:\Users\yatin\.m2\repository\org\junit\jupiter\junit-jupiter-engine\5.8.2\junit-jupiter-engine-5.8.2.jar;C:\Users\yatin\.m2\repository\org\junit\platform\junit-platform-engine\1.8.2\junit-platform-engine-1.8.2.jar;C:\Users\yatin\.m2\repository\com\squareup\okhttp3\okhttp\4.9.2\okhttp-4.9.2.jar;C:\Users\yatin\.m2\repository\com\squareup\okio\okio\2.8.0\okio-2.8.0.jar;C:\Users\yatin\.m2\repository\org\jetbrains\kotlin\kotlin-stdlib-common\1.4.0\kotlin-stdlib-common-1.4.0.jar;C:\Users\yatin\.m2\repository\org\jetbrains\kotlin\kotlin-stdlib\1.4.10\kotlin-stdlib-1.4.10.jar;C:\Users\yatin\.m2\repository\org\jetbrains\annotations\13.0\annotations-13.0.jar;C:\Users\yatin\.m2\repository\javazoom\jlayer\1.0.1\jlayer-1.0.1.jar;C:\Users\yatin\.m2\repository\com\googlecode\json-simple\json-simple\1.1.1\json-simple-1.1.1.jar;C:\Users\yatin\.m2\repository\junit\junit\4.10\junit-4.10.jar;C:\Users\yatin\.m2\repository\org\hamcrest\hamcrest-core\1.1\hamcrest-core-1.1.jar;C:\Users\yatin\.m2\repository\com\google\code\gson\gson\2.10.1\gson-2.10.1.jar;C:\Users\yatin\.m2\repository\software\amazon\awssdk\polly\2.27.3\polly-2.27.3.jar;C:\Users\yatin\.m2\repository\software\amazon\awssdk\aws-json-protocol\2.27.3\aws-json-protocol-2.27.3.jar;C:\Users\yatin\.m2\repository\software\amazon\awssdk\third-party-jackson-core\2.27.3\third-party-jackson-core-2.27.3.jar;C:\Users\yatin\.m2\repository\software\amazon\awssdk\protocol-core\2.27.3\protocol-core-2.27.3.jar;C:\Users\yatin\.m2\repository\software\amazon\awssdk\profiles\2.27.3\profiles-2.27.3.jar;C:\Users\yatin\.m2\repository\software\amazon\awssdk\http-auth-aws\2.27.3\http-auth-aws-2.27.3.jar;C:\Users\yatin\.m2\repository\software\amazon\awssdk\checksums-spi\2.27.3\checksums-spi-2.27.3.jar;C:\Users\yatin\.m2\repository\software\amazon\awssdk\checksums\2.27.3\checksums-2.27.3.jar;C:\Users\yatin\.m2\repository\software\amazon\awssdk\sdk-core\2.27.3\sdk-core-2.27.3.jar;C:\Users\yatin\.m2\repository\software\amazon\awssdk\retries\2.27.3\retries-2.27.3.jar;C:\Users\yatin\.m2\repository\org\reactivestreams\reactive-streams\1.0.4\reactive-streams-1.0.4.jar;C:\Users\yatin\.m2\repository\software\amazon\awssdk\auth\2.27.3\auth-2.27.3.jar;C:\Users\yatin\.m2\repository\software\amazon\awssdk\http-auth-aws-eventstream\2.27.3\http-auth-aws-eventstream-2.27.3.jar;C:\Users\yatin\.m2\repository\software\amazon\eventstream\eventstream\1.0.1\eventstream-1.0.1.jar;C:\Users\yatin\.m2\repository\software\amazon\awssdk\http-auth-spi\2.27.3\http-auth-spi-2.27.3.jar;C:\Users\yatin\.m2\repository\software\amazon\awssdk\http-auth\2.27.3\http-auth-2.27.3.jar;C:\Users\yatin\.m2\repository\software\amazon\awssdk\identity-spi\2.27.3\identity-spi-2.27.3.jar;C:\Users\yatin\.m2\repository\software\amazon\awssdk\http-client-spi\2.27.3\http-client-spi-2.27.3.jar;C:\Users\yatin\.m2\repository\software\amazon\awssdk\regions\2.27.3\regions-2.27.3.jar;C:\Users\yatin\.m2\repository\software\amazon\awssdk\annotations\2.27.3\annotations-2.27.3.jar;C:\Users\yatin\.m2\repository\software\amazon\awssdk\utils\2.27.3\utils-2.27.3.jar;C:\Users\yatin\.m2\repository\software\amazon\awssdk\aws-core\2.27.3\aws-core-2.27.3.jar;C:\Users\yatin\.m2\repository\software\amazon\awssdk\metrics-spi\2.27.3\metrics-spi-2.27.3.jar;C:\Users\yatin\.m2\repository\software\amazon\awssdk\json-utils\2.27.3\json-utils-2.27.3.jar;C:\Users\yatin\.m2\repository\software\amazon\awssdk\endpoints-spi\2.27.3\endpoints-spi-2.27.3.jar;C:\Users\yatin\.m2\repository\software\amazon\awssdk\retries-spi\2.27.3\retries-spi-2.27.3.jar;C:\Users\yatin\.m2\repository\software\amazon\awssdk\apache-client\2.27.3\apache-client-2.27.3.jar;C:\Users\yatin\.m2\repository\org\apache\httpcomponents\httpclient\4.5.13\httpclient-4.5.13.jar;C:\Users\yatin\.m2\repository\commons-logging\commons-logging\1.2\commons-logging-1.2.jar;C:\Users\yatin\.m2\repository\org\apache\httpcomponents\httpcore\4.4.16\httpcore-4.4.16.jar;C:\Users\yatin\.m2\repository\commons-codec\commons-codec\1.17.1\commons-codec-1.17.1.jar;C:\Users\yatin\.m2\repository\software\amazon\awssdk\netty-nio-client\2.27.3\netty-nio-client-2.27.3.jar;C:\Users\yatin\.m2\repository\io\netty\netty-codec-http\4.1.112.Final\netty-codec-http-4.1.112.Final.jar;C:\Users\yatin\.m2\repository\io\netty\netty-codec-http2\4.1.112.Final\netty-codec-http2-4.1.112.Final.jar;C:\Users\yatin\.m2\repository\io\netty\netty-codec\4.1.112.Final\netty-codec-4.1.112.Final.jar;C:\Users\yatin\.m2\repository\io\netty\netty-transport\4.1.112.Final\netty-transport-4.1.112.Final.jar;C:\Users\yatin\.m2\repository\io\netty\netty-common\4.1.112.Final\netty-common-4.1.112.Final.jar;C:\Users\yatin\.m2\repository\io\netty\netty-buffer\4.1.112.Final\netty-buffer-4.1.112.Final.jar;C:\Users\yatin\.m2\repository\io\netty\netty-handler\4.1.112.Final\netty-handler-4.1.112.Final.jar;C:\Users\yatin\.m2\repository\io\netty\netty-transport-native-unix-common\4.1.112.Final\netty-transport-native-unix-common-4.1.112.Final.jar;C:\Users\yatin\.m2\repository\io\netty\netty-transport-classes-epoll\4.1.112.Final\netty-transport-classes-epoll-4.1.112.Final.jar;C:\Users\yatin\.m2\repository\io\netty\netty-resolver\4.1.112.Final\netty-resolver-4.1.112.Final.jar;C:\Users\yatin\.m2\repository\org\slf4j\slf4j-api\2.1.0-alpha1\slf4j-api-2.1.0-alpha1.jar;C:\Users\yatin\.m2\repository\org\slf4j\slf4j-simple\2.1.0-alpha1\slf4j-simple-2.1.0-alpha1.jar;C:\Users\yatin\.m2\repository\org\json\json\20210307\json-20210307.jar;"/>
    <property name="sun.cpu.endian" value="little"/>
    <property name="user.home" value="C:\Users\yatin"/>
    <property name="user.language" value="en"/>
    <property name="java.specification.vendor" value="Oracle Corporation"/>
    <property name="java.version.date" value="2023-08-24"/>
    <property name="java.home" value="C:\Users\yatin\AppData\Local\Programs\Eclipse Adoptium\jdk-17.0.8.101-hotspot"/>
    <property name="file.separator" value="\"/>
    <property name="basedir" value="C:\Users\yatin\OneDrive\Desktop\GroupProject\CSCE247-GroupProject"/>
    <property name="java.vm.compressedOopsMode" value="Zero based"/>
    <property name="line.separator" value="&#10;"/>
    <property name="java.vm.specification.vendor" value="Oracle Corporation"/>
    <property name="java.specification.name" value="Java Platform API Specification"/>
    <property name="surefire.real.class.path" value="C:\Users\yatin\AppData\Local\Temp\surefire9025284630213915408\surefirebooter3501566096823976140.jar"/>
    <property name="user.script" value=""/>
    <property name="sun.management.compiler" value="HotSpot 64-Bit Tiered Compilers"/>
    <property name="java.runtime.version" value="17.0.8.1+1"/>
    <property name="user.name" value="yatin"/>
    <property name="path.separator" value=";"/>
    <property name="os.version" value="10.0"/>
    <property name="java.runtime.name" value="OpenJDK Runtime Environment"/>
    <property name="file.encoding" value="Cp1252"/>
    <property name="java.vm.name" value="OpenJDK 64-Bit Server VM"/>
    <property name="java.vendor.version" value="Temurin-17.0.8.1+1"/>
    <property name="maven.ext.class.path" value="C:\Users\yatin\.vscode\extensions\oracle.oracle-java-23.0.0\nbcode\java\maven-nblib\netbeans-eventspy.jar"/>
    <property name="localRepository" value="C:\Users\yatin\.m2\repository"/>
    <property name="java.vendor.url.bug" value="https://github.com/adoptium/adoptium-support/issues"/>
    <property name="java.io.tmpdir" value="C:\Users\yatin\AppData\Local\Temp\"/>
    <property name="java.version" value="17.0.8.1"/>
    <property name="user.dir" value="C:\Users\yatin\OneDrive\Desktop\GroupProject\CSCE247-GroupProject"/>
    <property name="os.arch" value="amd64"/>
    <property name="java.vm.specification.name" value="Java Virtual Machine Specification"/>
    <property name="sun.os.patch.level" value=""/>
    <property name="native.encoding" value="Cp1252"/>
    <property name="java.library.path" value="C:\Users\yatin\AppData\Local\Programs\Eclipse Adoptium\jdk-17.0.8.101-hotspot\bin;C:\WINDOWS\Sun\Java\bin;C:\WINDOWS\system32;C:\WINDOWS;C:\Program Files (x86)\Common Files\Oracle\Java\javapath;C:\Windows\system32;C:\Windows;C:\Windows\System32\Wbem;C:\Windows\System32\WindowsPowerShell\v1.0\;C:\Windows\System32\OpenSSH\;C:\Program Files (x86)\NVIDIA Corporation\PhysX\Common;C:\Program Files\NVIDIA Corporation\NVIDIA NvDLISR;C:\WINDOWS\system32;C:\WINDOWS;C:\WINDOWS\System32\Wbem;C:\WINDOWS\System32\WindowsPowerShell\v1.0\;C:\WINDOWS\System32\OpenSSH\;C:\msys64\mingw64\bin;C:\Program Files\Git\cmd;C:\Program Files\Amazon\AWSCLIV2\;C:\Users\yatin\scoop\apps\maven\current\bin;C:\Users\yatin\scoop\shims;C:\Users\yatin\AppData\Local\Programs\Eclipse Adoptium\jdk-17.0.8.101-hotspot\bin;C:\Users\yatin\AppData\Local\Microsoft\WindowsApps;C:\Users\yatin\AppData\Local\Programs\Microsoft VS Code\bin;C:\MinGW\bin;C:\intelFPGA\18.1\modelsim_ase\win32aloem;."/>
    <property name="java.vm.info" value="mixed mode, sharing"/>
    <property name="java.vendor" value="Eclipse Adoptium"/>
    <property name="java.vm.version" value="17.0.8.1+1"/>
    <property name="sun.io.unicode.encoding" value="UnicodeLittle"/>
    <property name="java.class.version" value="61.0"/>
  </properties>
  <testcase name="testSaveUser" classname="model.DataWriterTest" time="0.142">
    <system-out><![CDATA[✅ Done
✅ Done
✅ Done
]]></system-out>
    <system-err><![CDATA[Nov 03, 2024 7:51:19 PM org.junit.platform.launcher.core.CompositeTestExecutionListener lambda$notifyEach$19
WARNING: TestExecutionListener [org.apache.maven.surefire.junitplatform.RunListenerAdapter] threw exception for method: executionFinished(TestIdentifier [uniqueId = [engine:junit-jupiter]/[class:model.DataWriterTest]/[method:testSaveAchievement()], parentId = [engine:junit-jupiter]/[class:model.DataWriterTest], displayName = 'testSaveAchievement()', legacyReportingName = 'testSaveAchievement()', source = MethodSource [className = 'model.DataWriterTest', methodName = 'testSaveAchievement', methodParameterTypes = ''], tags = [], type = TEST], TestExecutionResult [status = FAILED, throwable = org.opentest4j.AssertionFailedError: expected: <1> but was: <0>])
java.lang.IncompatibleClassChangeError: Class org.apache.maven.surefire.report.PojoStackTraceWriter does not implement the requested interface org.apache.maven.surefire.api.report.StackTraceWriter
	at org.apache.maven.surefire.booter.spi.LegacyMasterProcessChannelEncoder.encode(LegacyMasterProcessChannelEncoder.java:354)
	at org.apache.maven.surefire.booter.spi.LegacyMasterProcessChannelEncoder.encode(LegacyMasterProcessChannelEncoder.java:402)
	at org.apache.maven.surefire.booter.spi.LegacyMasterProcessChannelEncoder.encode(LegacyMasterProcessChannelEncoder.java:289)
	at org.apache.maven.surefire.booter.spi.LegacyMasterProcessChannelEncoder.testFailed(LegacyMasterProcessChannelEncoder.java:163)
	at org.apache.maven.surefire.api.booter.ForkingRunListener.testFailed(ForkingRunListener.java:105)
	at org.apache.maven.surefire.junitplatform.RunListenerAdapter.executionFinished(RunListenerAdapter.java:129)
	at org.junit.platform.launcher.core.CompositeTestExecutionListener.lambda$executionFinished$10(CompositeTestExecutionListener.java:69)
	at org.junit.platform.launcher.core.CompositeTestExecutionListener.lambda$notifyEach$19(CompositeTestExecutionListener.java:95)
	at java.base/java.util.ArrayList.forEach(ArrayList.java:1511)
	at org.junit.platform.launcher.core.CompositeTestExecutionListener.notifyEach(CompositeTestExecutionListener.java:93)
	at org.junit.platform.launcher.core.CompositeTestExecutionListener.executionFinished(CompositeTestExecutionListener.java:69)
	at org.junit.platform.launcher.core.ExecutionListenerAdapter.executionFinished(ExecutionListenerAdapter.java:56)
	at org.junit.platform.launcher.core.DelegatingEngineExecutionListener.executionFinished(DelegatingEngineExecutionListener.java:46)
	at org.junit.platform.launcher.core.OutcomeDelayingEngineExecutionListener.executionFinished(OutcomeDelayingEngineExecutionListener.java:63)
	at org.junit.platform.engine.support.hierarchical.NodeTestTask.reportCompletion(NodeTestTask.java:195)
	at org.junit.platform.engine.support.hierarchical.NodeTestTask.execute(NodeTestTask.java:100)
	at java.base/java.util.ArrayList.forEach(ArrayList.java:1511)
	at org.junit.platform.engine.support.hierarchical.SameThreadHierarchicalTestExecutorService.invokeAll(SameThreadHierarchicalTestExecutorService.java:41)
	at org.junit.platform.engine.support.hierarchical.NodeTestTask.lambda$executeRecursively$6(NodeTestTask.java:155)
	at org.junit.platform.engine.support.hierarchical.ThrowableCollector.execute(ThrowableCollector.java:73)
	at org.junit.platform.engine.support.hierarchical.NodeTestTask.lambda$executeRecursively$8(NodeTestTask.java:141)
	at org.junit.platform.engine.support.hierarchical.Node.around(Node.java:137)
	at org.junit.platform.engine.support.hierarchical.NodeTestTask.lambda$executeRecursively$9(NodeTestTask.java:139)
	at org.junit.platform.engine.support.hierarchical.ThrowableCollector.execute(ThrowableCollector.java:73)
	at org.junit.platform.engine.support.hierarchical.NodeTestTask.executeRecursively(NodeTestTask.java:138)
	at org.junit.platform.engine.support.hierarchical.NodeTestTask.execute(NodeTestTask.java:95)
	at java.base/java.util.ArrayList.forEach(ArrayList.java:1511)
	at org.junit.platform.engine.support.hierarchical.SameThreadHierarchicalTestExecutorService.invokeAll(SameThreadHierarchicalTestExecutorService.java:41)
	at org.junit.platform.engine.support.hierarchical.NodeTestTask.lambda$executeRecursively$6(NodeTestTask.java:155)
	at org.junit.platform.engine.support.hierarchical.ThrowableCollector.execute(ThrowableCollector.java:73)
	at org.junit.platform.engine.support.hierarchical.NodeTestTask.lambda$executeRecursively$8(NodeTestTask.java:141)
	at org.junit.platform.engine.support.hierarchical.Node.around(Node.java:137)
	at org.junit.platform.engine.support.hierarchical.NodeTestTask.lambda$executeRecursively$9(NodeTestTask.java:139)
	at org.junit.platform.engine.support.hierarchical.ThrowableCollector.execute(ThrowableCollector.java:73)
	at org.junit.platform.engine.support.hierarchical.NodeTestTask.executeRecursively(NodeTestTask.java:138)
	at org.junit.platform.engine.support.hierarchical.NodeTestTask.execute(NodeTestTask.java:95)
	at org.junit.platform.engine.support.hierarchical.SameThreadHierarchicalTestExecutorService.submit(SameThreadHierarchicalTestExecutorService.java:35)
	at org.junit.platform.engine.support.hierarchical.HierarchicalTestExecutor.execute(HierarchicalTestExecutor.java:57)
	at org.junit.platform.engine.support.hierarchical.HierarchicalTestEngine.execute(HierarchicalTestEngine.java:54)
	at org.junit.platform.launcher.core.EngineExecutionOrchestrator.execute(EngineExecutionOrchestrator.java:107)
	at org.junit.platform.launcher.core.EngineExecutionOrchestrator.execute(EngineExecutionOrchestrator.java:88)
	at org.junit.platform.launcher.core.EngineExecutionOrchestrator.lambda$execute$0(EngineExecutionOrchestrator.java:54)
	at org.junit.platform.launcher.core.EngineExecutionOrchestrator.withInterceptedStreams(EngineExecutionOrchestrator.java:67)
	at org.junit.platform.launcher.core.EngineExecutionOrchestrator.execute(EngineExecutionOrchestrator.java:52)
	at org.junit.platform.launcher.core.DefaultLauncher.execute(DefaultLauncher.java:114)
	at org.junit.platform.launcher.core.DefaultLauncher.execute(DefaultLauncher.java:86)
	at org.junit.platform.launcher.core.DefaultLauncherSession$DelegatingLauncher.execute(DefaultLauncherSession.java:86)
	at org.junit.platform.launcher.core.SessionPerRequestLauncher.execute(SessionPerRequestLauncher.java:53)
	at org.apache.maven.surefire.junitplatform.JUnitPlatformProvider.execute(JUnitPlatformProvider.java:188)
	at org.apache.maven.surefire.junitplatform.JUnitPlatformProvider.invokeAllTests(JUnitPlatformProvider.java:154)
	at org.apache.maven.surefire.junitplatform.JUnitPlatformProvider.invoke(JUnitPlatformProvider.java:128)
	at org.apache.maven.surefire.booter.ForkedBooter.runSuitesInProcess(ForkedBooter.java:428)
	at org.apache.maven.surefire.booter.ForkedBooter.execute(ForkedBooter.java:162)
	at org.apache.maven.surefire.booter.ForkedBooter.run(ForkedBooter.java:562)
	at org.apache.maven.surefire.booter.ForkedBooter.main(ForkedBooter.java:548)

]]></system-err>
  </testcase>
</testsuite>